\BOOKMARK [1][-]{section.1}{\376\377\000D\000S\000\137\000p\000r\000o\000p\000o\000s\000i\000t\000i\000o\000n\000a\000l\000l\000o\000g\000i\000c\000.\000p\000d\000f}{}% 1
\BOOKMARK [2][-]{subsection.1.1}{\376\377\000B\000\340\000i\000\040\000t\036\255\000p\000\040\000b\036\257\000t\000\040\000b\000u\036\331\000c}{section.1}% 2
\BOOKMARK [3][-]{subsubsection.1.1.1}{\376\377\000B\000\340\000i\000\040\000t\036\255\000p\000\040\0001}{subsection.1.1}% 3
\BOOKMARK [3][-]{subsubsection.1.1.2}{\376\377\000B\000\340\000i\000\040\000t\036\255\000p\000\040\0002}{subsection.1.1}% 4
\BOOKMARK [3][-]{subsubsection.1.1.3}{\376\377\000B\000\340\000i\000\040\000t\036\255\000p\000\040\0003}{subsection.1.1}% 5
\BOOKMARK [3][-]{subsubsection.1.1.4}{\376\377\000B\000\340\000i\000\040\000t\036\255\000p\000\040\0004}{subsection.1.1}% 6
\BOOKMARK [3][-]{subsubsection.1.1.5}{\376\377\000B\000\340\000i\000\040\000t\036\255\000p\000\040\0005}{subsection.1.1}% 7
\BOOKMARK [3][-]{subsubsection.1.1.6}{\376\377\000B\000\340\000i\000\040\000t\036\255\000p\000\040\0006}{subsection.1.1}% 8
\BOOKMARK [3][-]{subsubsection.1.1.7}{\376\377\000B\000\340\000i\000\040\000t\036\255\000p\000\040\0007}{subsection.1.1}% 9
\BOOKMARK [3][-]{subsubsection.1.1.8}{\376\377\000B\000\340\000i\000\040\000t\036\255\000p\000\040\0008}{subsection.1.1}% 10
\BOOKMARK [3][-]{subsubsection.1.1.9}{\376\377\000B\000\340\000i\000\040\000t\036\255\000p\000\040\0009}{subsection.1.1}% 11
\BOOKMARK [3][-]{subsubsection.1.1.10}{\376\377\000B\000\340\000i\000\040\000t\036\255\000p\000\040\0001\0000}{subsection.1.1}% 12
\BOOKMARK [3][-]{subsubsection.1.1.11}{\376\377\000B\000\340\000i\000\040\000t\036\255\000p\000\040\0001\0001}{subsection.1.1}% 13
\BOOKMARK [3][-]{subsubsection.1.1.12}{\376\377\000B\000\340\000i\000\040\000t\036\255\000p\000\040\0001\0002}{subsection.1.1}% 14
\BOOKMARK [3][-]{subsubsection.1.1.13}{\376\377\000B\000\340\000i\000\040\000t\036\255\000p\000\040\0001\0003}{subsection.1.1}% 15
\BOOKMARK [3][-]{subsubsection.1.1.14}{\376\377\000B\000\340\000i\000\040\000t\036\255\000p\000\040\0001\0004}{subsection.1.1}% 16
\BOOKMARK [3][-]{subsubsection.1.1.15}{\376\377\000B\000\340\000i\000\040\000t\036\255\000p\000\040\0001\0005}{subsection.1.1}% 17
\BOOKMARK [3][-]{subsubsection.1.1.16}{\376\377\000B\000\340\000i\000\040\000t\036\255\000p\000\040\0001\0006}{subsection.1.1}% 18
\BOOKMARK [3][-]{subsubsection.1.1.17}{\376\377\000B\000\340\000i\000\040\000t\036\255\000p\000\040\0001\0007}{subsection.1.1}% 19
\BOOKMARK [1][-]{section.2}{\376\377\000N\000e\000w\000\137\000H\000o\000m\000e\000w\000o\000r\000k\0000\0001\000\137\000P\000r\000o\000p\000o\000s\000i\000t\000i\000o\000n\000a\000l\000\137\000L\000o\000g\000i\000c\000.\000p\000d\000f}{}% 20
\BOOKMARK [2][-]{subsection.2.1}{\376\377\000B\000\340\000i\000\040\000t\036\255\000p\000\040\000b\036\257\000t\000\040\000b\000u\036\331\000c}{section.2}% 21
\BOOKMARK [3][-]{subsubsection.2.1.1}{\376\377\000B\000\340\000i\000\040\000t\036\255\000p\000\040\0001}{subsection.2.1}% 22
\BOOKMARK [3][-]{subsubsection.2.1.2}{\376\377\000B\000\340\000i\000\040\000t\036\255\000p\000\040\0002}{subsection.2.1}% 23
\BOOKMARK [3][-]{subsubsection.2.1.3}{\376\377\000B\000\340\000i\000\040\000t\036\255\000p\000\040\0003}{subsection.2.1}% 24
\BOOKMARK [3][-]{subsubsection.2.1.4}{\376\377\000B\000\340\000i\000\040\000t\036\255\000p\000\040\0004}{subsection.2.1}% 25
\BOOKMARK [3][-]{subsubsection.2.1.5}{\376\377\000B\000\340\000i\000\040\000t\036\255\000p\000\040\0005}{subsection.2.1}% 26
\BOOKMARK [3][-]{subsubsection.2.1.6}{\376\377\000B\000\340\000i\000\040\000t\036\255\000p\000\040\0006}{subsection.2.1}% 27
\BOOKMARK [3][-]{subsubsection.2.1.7}{\376\377\000B\000\340\000i\000\040\000t\036\255\000p\000\040\0007}{subsection.2.1}% 28
\BOOKMARK [3][-]{subsubsection.2.1.8}{\376\377\000B\000\340\000i\000\040\000t\036\255\000p\000\040\0008}{subsection.2.1}% 29
\BOOKMARK [2][-]{subsection.2.2}{\376\377\000B\000o\000n\000u\000s}{section.2}% 30
\BOOKMARK [1][-]{section.3}{\376\377\000D\000S\000\137\000p\000r\000e\000d\000i\000c\000a\000t\000e\000l\000o\000g\000i\000c\000.\000p\000d\000f}{}% 31
\BOOKMARK [2][-]{subsection.3.1}{\376\377\000B\000\340\000i\000\040\000t\036\255\000p\000\040\000b\036\257\000t\000\040\000b\000u\036\331\000c}{section.3}% 32
\BOOKMARK [3][-]{subsubsection.3.1.1}{\376\377\000B\000\340\000i\000\040\000t\036\255\000p\000\040\0003}{subsection.3.1}% 33
\BOOKMARK [3][-]{subsubsection.3.1.2}{\376\377\000B\000\340\000i\000\040\000t\036\255\000p\000\040\0004}{subsection.3.1}% 34
\BOOKMARK [3][-]{subsubsection.3.1.3}{\376\377\000B\000\340\000i\000\040\000t\036\255\000p\000\040\0005}{subsection.3.1}% 35
\BOOKMARK [3][-]{subsubsection.3.1.4}{\376\377\000B\000\340\000i\000\040\000t\036\255\000p\000\040\0006}{subsection.3.1}% 36
\BOOKMARK [3][-]{subsubsection.3.1.5}{\376\377\000B\000\340\000i\000\040\000t\036\255\000p\000\040\0007}{subsection.3.1}% 37
\BOOKMARK [3][-]{subsubsection.3.1.6}{\376\377\000B\000\340\000i\000\040\000t\036\255\000p\000\040\0008}{subsection.3.1}% 38
\BOOKMARK [3][-]{subsubsection.3.1.7}{\376\377\000B\000\340\000i\000\040\000t\036\255\000p\000\040\0009}{subsection.3.1}% 39
\BOOKMARK [3][-]{subsubsection.3.1.8}{\376\377\000B\000\340\000i\000\040\000t\036\255\000p\000\040\0001\0000}{subsection.3.1}% 40
\BOOKMARK [3][-]{subsubsection.3.1.9}{\376\377\000B\000\340\000i\000\040\000t\036\255\000p\000\040\0001\0001}{subsection.3.1}% 41
\BOOKMARK [3][-]{subsubsection.3.1.10}{\376\377\000B\000\340\000i\000\040\000t\036\255\000p\000\040\0001\0002}{subsection.3.1}% 42
\BOOKMARK [3][-]{subsubsection.3.1.11}{\376\377\000B\000\340\000i\000\040\000t\036\255\000p\000\040\0001\0003}{subsection.3.1}% 43
\BOOKMARK [3][-]{subsubsection.3.1.12}{\376\377\000B\000\340\000i\000\040\000t\036\255\000p\000\040\0001\0004}{subsection.3.1}% 44
\BOOKMARK [3][-]{subsubsection.3.1.13}{\376\377\000B\000\340\000i\000\040\000t\036\255\000p\000\040\0001\0005}{subsection.3.1}% 45
\BOOKMARK [3][-]{subsubsection.3.1.14}{\376\377\000B\000\340\000i\000\040\000t\036\255\000p\000\040\0001\0006}{subsection.3.1}% 46
\BOOKMARK [3][-]{subsubsection.3.1.15}{\376\377\000B\000\340\000i\000\040\000t\036\255\000p\000\040\0001\0007}{subsection.3.1}% 47
\BOOKMARK [3][-]{subsubsection.3.1.16}{\376\377\000B\000\340\000i\000\040\000t\036\255\000p\000\040\0001\0008}{subsection.3.1}% 48
\BOOKMARK [3][-]{subsubsection.3.1.17}{\376\377\000B\000\340\000i\000\040\000t\036\255\000p\000\040\0001\0009}{subsection.3.1}% 49
\BOOKMARK [3][-]{subsubsection.3.1.18}{\376\377\000B\000\340\000i\000\040\000t\036\255\000p\000\040\0002\0000}{subsection.3.1}% 50
\BOOKMARK [3][-]{subsubsection.3.1.19}{\376\377\000B\000\340\000i\000\040\000t\036\255\000p\000\040\0002\0001}{subsection.3.1}% 51
\BOOKMARK [3][-]{subsubsection.3.1.20}{\376\377\000B\000\340\000i\000\040\000t\036\255\000p\000\040\0002\0002}{subsection.3.1}% 52
\BOOKMARK [3][-]{subsubsection.3.1.21}{\376\377\000B\000\340\000i\000\040\000t\036\255\000p\000\040\0002\0003}{subsection.3.1}% 53
\BOOKMARK [3][-]{subsubsection.3.1.22}{\376\377\000B\000\340\000i\000\040\000t\036\255\000p\000\040\0002\0004}{subsection.3.1}% 54
\BOOKMARK [3][-]{subsubsection.3.1.23}{\376\377\000B\000\340\000i\000\040\000t\036\255\000p\000\040\0002\0005}{subsection.3.1}% 55
\BOOKMARK [3][-]{subsubsection.3.1.24}{\376\377\000B\000\340\000i\000\040\000t\036\255\000p\000\040\0002\0006}{subsection.3.1}% 56
\BOOKMARK [3][-]{subsubsection.3.1.25}{\376\377\000B\000\340\000i\000\040\000t\036\255\000p\000\040\0002\0007}{subsection.3.1}% 57
\BOOKMARK [3][-]{subsubsection.3.1.26}{\376\377\000B\000\340\000i\000\040\000t\036\255\000p\000\040\0002\0008}{subsection.3.1}% 58
\BOOKMARK [3][-]{subsubsection.3.1.27}{\376\377\000B\000\340\000i\000\040\000t\036\255\000p\000\040\0002\0009}{subsection.3.1}% 59
\BOOKMARK [3][-]{subsubsection.3.1.28}{\376\377\000B\000\340\000i\000\040\000t\036\255\000p\000\040\0003\0000}{subsection.3.1}% 60
\BOOKMARK [3][-]{subsubsection.3.1.29}{\376\377\000B\000\340\000i\000\040\000t\036\255\000p\000\040\0003\0001}{subsection.3.1}% 61
\BOOKMARK [3][-]{subsubsection.3.1.30}{\376\377\000B\000\340\000i\000\040\000t\036\255\000p\000\040\0003\0002}{subsection.3.1}% 62
\BOOKMARK [3][-]{subsubsection.3.1.31}{\376\377\000B\000\340\000i\000\040\000t\036\255\000p\000\040\0003\0003}{subsection.3.1}% 63
\BOOKMARK [3][-]{subsubsection.3.1.32}{\376\377\000B\000\340\000i\000\040\000t\036\255\000p\000\040\0003\0004}{subsection.3.1}% 64
\BOOKMARK [3][-]{subsubsection.3.1.33}{\376\377\000B\000\340\000i\000\040\000t\036\255\000p\000\040\0003\0005}{subsection.3.1}% 65
\BOOKMARK [1][-]{section.4}{\376\377\000N\000e\000w\000\137\000H\000o\000m\000e\000w\000o\000r\000k\0000\0002\000a\000\137\000P\000r\000e\000d\000i\000c\000a\000t\000e\000\137\000L\000o\000g\000i\000c\000.\000p\000d\000f}{}% 66
\BOOKMARK [2][-]{subsection.4.1}{\376\377\000B\000\340\000i\000\040\000t\036\255\000p\000\040\000b\036\257\000t\000\040\000b\000u\036\331\000c}{section.4}% 67
\BOOKMARK [3][-]{subsubsection.4.1.1}{\376\377\000B\000\340\000i\000\040\000t\036\255\000p\000\040\0001}{subsection.4.1}% 68
\BOOKMARK [3][-]{subsubsection.4.1.2}{\376\377\000B\000\340\000i\000\040\000t\036\255\000p\000\040\0002}{subsection.4.1}% 69
\BOOKMARK [3][-]{subsubsection.4.1.3}{\376\377\000B\000\340\000i\000\040\000t\036\255\000p\000\040\0003}{subsection.4.1}% 70
\BOOKMARK [3][-]{subsubsection.4.1.4}{\376\377\000B\000\340\000i\000\040\000t\036\255\000p\000\040\0004}{subsection.4.1}% 71
\BOOKMARK [3][-]{subsubsection.4.1.5}{\376\377\000B\000\340\000i\000\040\000t\036\255\000p\000\040\0005}{subsection.4.1}% 72
\BOOKMARK [2][-]{subsection.4.2}{\376\377\000B\000o\000n\000u\000s}{section.4}% 73
\BOOKMARK [1][-]{section.5}{\376\377\000N\000e\000w\000\137\000H\000o\000m\000e\000w\000o\000r\000k\0000\0002\000b\000\137\000P\000r\000o\000v\000i\000n\000g\000\137\000m\000e\000t\000h\000o\000d\000s\000.\000p\000d\000f}{}% 74
\BOOKMARK [2][-]{subsection.5.1}{\376\377\000B\000\340\000i\000\040\000t\036\255\000p\000\040\000b\036\257\000t\000\040\000b\000u\036\331\000c}{section.5}% 75
\BOOKMARK [3][-]{subsubsection.5.1.1}{\376\377\000B\000\340\000i\000\040\000t\036\255\000p\000\040\0001}{subsection.5.1}% 76
\BOOKMARK [3][-]{subsubsection.5.1.2}{\376\377\000B\000\340\000i\000\040\000t\036\255\000p\000\040\0002}{subsection.5.1}% 77
\BOOKMARK [3][-]{subsubsection.5.1.3}{\376\377\000B\000\340\000i\000\040\000t\036\255\000p\000\040\0003}{subsection.5.1}% 78
\BOOKMARK [3][-]{subsubsection.5.1.4}{\376\377\000B\000\340\000i\000\040\000t\036\255\000p\000\040\0004}{subsection.5.1}% 79
\BOOKMARK [3][-]{subsubsection.5.1.5}{\376\377\000B\000\340\000i\000\040\000t\036\255\000p\000\040\0005}{subsection.5.1}% 80
\BOOKMARK [2][-]{subsection.5.2}{\376\377\000B\000o\000n\000u\000s}{section.5}% 81
\BOOKMARK [1][-]{section.6}{\376\377\000H\000o\000m\000e\000w\000o\000r\000k\0000\0003\000a\000\137\000S\000e\000t\000s\000\137\000F\000u\000n\000c\000t\000i\000o\000n\000.\000p\000d\000f}{}% 82
\BOOKMARK [2][-]{subsection.6.1}{\376\377\000B\000\340\000i\000\040\000t\036\255\000p\000\040\000b\036\257\000t\000\040\000b\000u\036\331\000c}{section.6}% 83
\BOOKMARK [3][-]{subsubsection.6.1.1}{\376\377\000B\000\340\000i\000\040\000t\036\255\000p\000\040\0001}{subsection.6.1}% 84
\BOOKMARK [3][-]{subsubsection.6.1.2}{\376\377\000B\000\340\000i\000\040\000t\036\255\000p\000\040\0002}{subsection.6.1}% 85
\BOOKMARK [3][-]{subsubsection.6.1.3}{\376\377\000B\000\340\000i\000\040\000t\036\255\000p\000\040\0003}{subsection.6.1}% 86
\BOOKMARK [3][-]{subsubsection.6.1.4}{\376\377\000B\000\340\000i\000\040\000t\036\255\000p\000\040\0004}{subsection.6.1}% 87
\BOOKMARK [3][-]{subsubsection.6.1.5}{\376\377\000B\000\340\000i\000\040\000t\036\255\000p\000\040\0005}{subsection.6.1}% 88
\BOOKMARK [3][-]{subsubsection.6.1.6}{\376\377\000B\000\340\000i\000\040\000t\036\255\000p\000\040\0006}{subsection.6.1}% 89
\BOOKMARK [3][-]{subsubsection.6.1.7}{\376\377\000B\000\340\000i\000\040\000t\036\255\000p\000\040\0007}{subsection.6.1}% 90
\BOOKMARK [3][-]{subsubsection.6.1.8}{\376\377\000B\000\340\000i\000\040\000t\036\255\000p\000\040\0008}{subsection.6.1}% 91
\BOOKMARK [2][-]{subsection.6.2}{\376\377\000B\000o\000n\000u\000s}{section.6}% 92
\BOOKMARK [1][-]{section.7}{\376\377\000H\000o\000m\000e\000w\000o\000r\000k\0000\0003\000b\000\137\000S\000e\000q\000u\000e\000n\000c\000e\000s\000.\000p\000d\000f}{}% 93
\BOOKMARK [2][-]{subsection.7.1}{\376\377\000B\000\340\000i\000\040\000t\036\255\000p\000\040\000b\036\257\000t\000\040\000b\000u\036\331\000c}{section.7}% 94
\BOOKMARK [3][-]{subsubsection.7.1.1}{\376\377\000B\000\340\000i\000\040\000t\036\255\000p\000\040\0001}{subsection.7.1}% 95
\BOOKMARK [3][-]{subsubsection.7.1.2}{\376\377\000B\000\340\000i\000\040\000t\036\255\000p\000\040\0002}{subsection.7.1}% 96
\BOOKMARK [3][-]{subsubsection.7.1.3}{\376\377\000B\000\340\000i\000\040\000t\036\255\000p\000\040\0003}{subsection.7.1}% 97
\BOOKMARK [3][-]{subsubsection.7.1.4}{\376\377\000B\000\340\000i\000\040\000t\036\255\000p\000\040\0004}{subsection.7.1}% 98
\BOOKMARK [3][-]{subsubsection.7.1.5}{\376\377\000B\000\340\000i\000\040\000t\036\255\000p\000\040\0005}{subsection.7.1}% 99
\BOOKMARK [2][-]{subsection.7.2}{\376\377\000B\000o\000n\000u\000s}{section.7}% 100
\BOOKMARK [1][-]{section.8}{\376\377\000H\000o\000m\000e\000w\000o\000r\000k\0000\0003\000c\000\137\000S\000e\000q\000u\000e\000n\000c\000e\000s\000\137\000a\000n\000d\000\137\000S\000u\000m\000s\000.\000p\000d\000f}{}% 101
\BOOKMARK [2][-]{subsection.8.1}{\376\377\000B\000\340\000i\000\040\000t\036\255\000p\000\040\000b\036\257\000t\000\040\000b\000u\036\331\000c}{section.8}% 102
\BOOKMARK [3][-]{subsubsection.8.1.1}{\376\377\000B\000\340\000i\000\040\000t\036\255\000p\000\040\0001}{subsection.8.1}% 103
\BOOKMARK [3][-]{subsubsection.8.1.2}{\376\377\000B\000\340\000i\000\040\000t\036\255\000p\000\040\0002}{subsection.8.1}% 104
\BOOKMARK [3][-]{subsubsection.8.1.3}{\376\377\000B\000\340\000i\000\040\000t\036\255\000p\000\040\0003}{subsection.8.1}% 105
\BOOKMARK [3][-]{subsubsection.8.1.4}{\376\377\000B\000\340\000i\000\040\000t\036\255\000p\000\040\0004}{subsection.8.1}% 106
\BOOKMARK [3][-]{subsubsection.8.1.5}{\376\377\000B\000\340\000i\000\040\000t\036\255\000p\000\040\0005}{subsection.8.1}% 107
